<?xml version="1.0" encoding="UTF-8"?>
<testng-results ignored="0" total="1" passed="1" failed="0" skipped="0">
  <reporter-output>
    <line>
      <![CDATA[========connection successful=========]]>
    </line>
    <line>
      <![CDATA[========connection closed=========]]>
    </line>
  </reporter-output>
  <suite started-at="2022-08-11T11:05:42 IST" name="Default suite" finished-at="2022-08-11T11:05:50 IST" duration-ms="7681">
    <groups>
    </groups>
    <test started-at="2022-08-11T11:05:42 IST" name="Default test" finished-at="2022-08-11T11:05:50 IST" duration-ms="7681">
      <class name="EndToEndScen.CreateAndGetAndDelete">
        <test-method is-config="true" signature="bsConfig()[pri:0, instance:EndToEndScen.CreateAndGetAndDelete@611889f4]" started-at="2022-08-11T11:05:40 IST" name="bsConfig" finished-at="2022-08-11T11:05:42 IST" duration-ms="1633" status="PASS">
          <reporter-output>
            <line>
              <![CDATA[========connection successful=========]]>
            </line>
          </reporter-output>
        </test-method> <!-- bsConfig -->
        <test-method signature="createAndGetTest()[pri:0, instance:EndToEndScen.CreateAndGetAndDelete@611889f4]" started-at="2022-08-11T11:05:42 IST" name="createAndGetTest" finished-at="2022-08-11T11:05:50 IST" duration-ms="7635" status="PASS">
          <reporter-output>
          </reporter-output>
        </test-method> <!-- createAndGetTest -->
        <test-method is-config="true" signature="asConfig()[pri:0, instance:EndToEndScen.CreateAndGetAndDelete@611889f4]" started-at="2022-08-11T11:05:50 IST" name="asConfig" finished-at="2022-08-11T11:05:50 IST" duration-ms="41" status="PASS">
          <reporter-output>
            <line>
              <![CDATA[========connection closed=========]]>
            </line>
          </reporter-output>
        </test-method> <!-- asConfig -->
      </class> <!-- EndToEndScen.CreateAndGetAndDelete -->
    </test> <!-- Default test -->
  </suite> <!-- Default suite -->
</testng-results>
